20/04/02 12:22:09 WARN NativeCodeLoader: Unable to load native-hadoop library for your platform... using builtin-java classes where applicable
20/04/02 12:22:10 INFO SparkContext: Running Spark version 2.4.3
20/04/02 12:22:10 INFO SparkContext: Submitted application: sparklyr
20/04/02 12:22:10 INFO SecurityManager: Changing view acls to: samanthasambado
20/04/02 12:22:10 INFO SecurityManager: Changing modify acls to: samanthasambado
20/04/02 12:22:10 INFO SecurityManager: Changing view acls groups to: 
20/04/02 12:22:10 INFO SecurityManager: Changing modify acls groups to: 
20/04/02 12:22:10 INFO SecurityManager: SecurityManager: authentication disabled; ui acls disabled; users  with view permissions: Set(samanthasambado); groups with view permissions: Set(); users  with modify permissions: Set(samanthasambado); groups with modify permissions: Set()
20/04/02 12:22:10 INFO Utils: Successfully started service 'sparkDriver' on port 57365.
20/04/02 12:22:11 INFO SparkEnv: Registering MapOutputTracker
20/04/02 12:22:11 INFO SparkEnv: Registering BlockManagerMaster
20/04/02 12:22:11 INFO BlockManagerMasterEndpoint: Using org.apache.spark.storage.DefaultTopologyMapper for getting topology information
20/04/02 12:22:11 INFO BlockManagerMasterEndpoint: BlockManagerMasterEndpoint up
20/04/02 12:22:11 INFO DiskBlockManager: Created local directory at /private/var/folders/c6/kjlj0sgx4c91_69j_vxtdbp00000gn/T/blockmgr-ce8e33f9-40fc-4483-9235-5f3f6edf92f2
20/04/02 12:22:11 INFO MemoryStore: MemoryStore started with capacity 912.3 MB
20/04/02 12:22:11 INFO SparkEnv: Registering OutputCommitCoordinator
20/04/02 12:22:11 INFO Utils: Successfully started service 'SparkUI' on port 4040.
20/04/02 12:22:11 INFO SparkUI: Bound SparkUI to 127.0.0.1, and started at http://localhost:4040
20/04/02 12:22:11 INFO SparkContext: Added JAR file:/Library/Frameworks/R.framework/Versions/3.6/Resources/library/sparklyr/java/sparklyr-2.4-2.11.jar at spark://localhost:57365/jars/sparklyr-2.4-2.11.jar with timestamp 1585855331515
20/04/02 12:22:11 INFO Executor: Starting executor ID driver on host localhost
20/04/02 12:22:11 INFO Utils: Successfully started service 'org.apache.spark.network.netty.NettyBlockTransferService' on port 57366.
20/04/02 12:22:11 INFO NettyBlockTransferService: Server created on localhost:57366
20/04/02 12:22:11 INFO BlockManager: Using org.apache.spark.storage.RandomBlockReplicationPolicy for block replication policy
20/04/02 12:22:11 INFO BlockManagerMaster: Registering BlockManager BlockManagerId(driver, localhost, 57366, None)
20/04/02 12:22:11 INFO BlockManagerMasterEndpoint: Registering block manager localhost:57366 with 912.3 MB RAM, BlockManagerId(driver, localhost, 57366, None)
20/04/02 12:22:11 INFO BlockManagerMaster: Registered BlockManager BlockManagerId(driver, localhost, 57366, None)
20/04/02 12:22:11 INFO BlockManager: Initialized BlockManager: BlockManagerId(driver, localhost, 57366, None)
20/04/02 12:22:12 INFO SharedState: loading hive config file: file:/Users/samanthasambado/spark/spark-2.4.3-bin-hadoop2.7/conf/hive-site.xml
20/04/02 12:22:12 INFO SharedState: Setting hive.metastore.warehouse.dir ('null') to the value of spark.sql.warehouse.dir ('file:/Users/samanthasambado/EEMB595TE_BayesianStatistics/spark-warehouse').
20/04/02 12:22:12 INFO SharedState: Warehouse path is 'file:/Users/samanthasambado/EEMB595TE_BayesianStatistics/spark-warehouse'.
20/04/02 12:22:13 INFO StateStoreCoordinatorRef: Registered StateStoreCoordinator endpoint
20/04/02 12:22:17 INFO CodeGenerator: Code generated in 404.674823 ms
20/04/02 12:29:29 INFO SparkContext: Invoking stop() from shutdown hook
20/04/02 12:29:29 INFO SparkUI: Stopped Spark web UI at http://localhost:4040
20/04/02 12:29:29 INFO MapOutputTrackerMasterEndpoint: MapOutputTrackerMasterEndpoint stopped!
20/04/02 12:29:29 INFO MemoryStore: MemoryStore cleared
20/04/02 12:29:29 INFO BlockManager: BlockManager stopped
20/04/02 12:29:29 INFO BlockManagerMaster: BlockManagerMaster stopped
20/04/02 12:29:29 INFO OutputCommitCoordinator$OutputCommitCoordinatorEndpoint: OutputCommitCoordinator stopped!
20/04/02 12:29:29 INFO SparkContext: Successfully stopped SparkContext
20/04/02 12:29:29 INFO ShutdownHookManager: Shutdown hook called
20/04/02 12:29:29 INFO ShutdownHookManager: Deleting directory /private/var/folders/c6/kjlj0sgx4c91_69j_vxtdbp00000gn/T/spark-935b6580-4695-4c1b-bdef-0a9ddd6d7501
20/04/02 12:29:29 INFO ShutdownHookManager: Deleting directory /private/var/folders/c6/kjlj0sgx4c91_69j_vxtdbp00000gn/T/spark-e3e38994-62a3-4ed7-a5be-811210ebe1bb
